[debug] [2023-12-30T04:11:36.646Z] ----------------------------------------------------------------------
[debug] [2023-12-30T04:11:36.647Z] Command:       /usr/local/bin/node /Users/harshahuja/.npm-global/bin/firebase init
[debug] [2023-12-30T04:11:36.647Z] CLI Version:   13.0.2
[debug] [2023-12-30T04:11:36.647Z] Platform:      darwin
[debug] [2023-12-30T04:11:36.647Z] Node Version:  v18.17.1
[debug] [2023-12-30T04:11:36.648Z] Time:          Sat Dec 30 2023 09:41:36 GMT+0530 (India Standard Time)
[debug] [2023-12-30T04:11:36.648Z] ----------------------------------------------------------------------
[debug] 
[debug] [2023-12-30T04:11:36.651Z] > command requires scopes: ["email","openid","https://www.googleapis.com/auth/cloudplatformprojects.readonly","https://www.googleapis.com/auth/firebase","https://www.googleapis.com/auth/cloud-platform"]
[debug] [2023-12-30T04:11:36.652Z] > authorizing via signed-in user (harshahuja1179@gmail.com)
[info] 
     ######## #### ########  ######## ########     ###     ######  ########
     ##        ##  ##     ## ##       ##     ##  ##   ##  ##       ##
     ######    ##  ########  ######   ########  #########  ######  ######
     ##        ##  ##    ##  ##       ##     ## ##     ##       ## ##
     ##       #### ##     ## ######## ########  ##     ##  ######  ########

You're about to initialize a Firebase project in this directory:

  /Users/harshahuja/Documents/Inventory Management System /superchat

[info] 
=== Project Setup
[info] 
[info] First, let's associate this project directory with a Firebase project.
[info] You can create multiple project aliases by running firebase use --add, 
[info] but for now we'll just set up a default project.
[info] 
[debug] [2023-12-30T04:13:18.023Z] >>> [apiv2][query] GET https://firebase.googleapis.com/v1beta1/projects pageSize=100
[debug] [2023-12-30T04:13:18.774Z] <<< [apiv2][status] GET https://firebase.googleapis.com/v1beta1/projects 200
[debug] [2023-12-30T04:13:18.774Z] <<< [apiv2][body] GET https://firebase.googleapis.com/v1beta1/projects [omitted]
[info] i  Using project superchat-2cbed (superchat) 
[info] 
=== Database Setup
[info] i  database: ensuring required API firebasedatabase.googleapis.com is enabled... 
[debug] [2023-12-30T04:13:21.727Z] >>> [apiv2][query] GET https://serviceusage.googleapis.com/v1/projects/superchat-2cbed/services/firebasedatabase.googleapis.com [none]
[debug] [2023-12-30T04:13:21.727Z] >>> [apiv2][(partial)header] GET https://serviceusage.googleapis.com/v1/projects/superchat-2cbed/services/firebasedatabase.googleapis.com x-goog-quota-user=projects/superchat-2cbed
[debug] [2023-12-30T04:13:24.184Z] <<< [apiv2][status] GET https://serviceusage.googleapis.com/v1/projects/superchat-2cbed/services/firebasedatabase.googleapis.com 200
[debug] [2023-12-30T04:13:24.184Z] <<< [apiv2][body] GET https://serviceusage.googleapis.com/v1/projects/superchat-2cbed/services/firebasedatabase.googleapis.com [omitted]
[warn] ⚠  database: missing required API firebasedatabase.googleapis.com. Enabling now... 
[debug] [2023-12-30T04:13:24.187Z] >>> [apiv2][query] POST https://serviceusage.googleapis.com/v1/projects/superchat-2cbed/services/firebasedatabase.googleapis.com:enable [none]
[debug] [2023-12-30T04:13:24.187Z] >>> [apiv2][(partial)header] POST https://serviceusage.googleapis.com/v1/projects/superchat-2cbed/services/firebasedatabase.googleapis.com:enable x-goog-quota-user=projects/superchat-2cbed
[debug] [2023-12-30T04:13:26.626Z] <<< [apiv2][status] POST https://serviceusage.googleapis.com/v1/projects/superchat-2cbed/services/firebasedatabase.googleapis.com:enable 200
[debug] [2023-12-30T04:13:26.627Z] <<< [apiv2][body] POST https://serviceusage.googleapis.com/v1/projects/superchat-2cbed/services/firebasedatabase.googleapis.com:enable [omitted]
[debug] [2023-12-30T04:13:36.629Z] >>> [apiv2][query] GET https://serviceusage.googleapis.com/v1/projects/superchat-2cbed/services/firebasedatabase.googleapis.com [none]
[debug] [2023-12-30T04:13:36.630Z] >>> [apiv2][(partial)header] GET https://serviceusage.googleapis.com/v1/projects/superchat-2cbed/services/firebasedatabase.googleapis.com x-goog-quota-user=projects/superchat-2cbed
[debug] [2023-12-30T04:13:38.611Z] <<< [apiv2][status] GET https://serviceusage.googleapis.com/v1/projects/superchat-2cbed/services/firebasedatabase.googleapis.com 200
[debug] [2023-12-30T04:13:38.611Z] <<< [apiv2][body] GET https://serviceusage.googleapis.com/v1/projects/superchat-2cbed/services/firebasedatabase.googleapis.com [omitted]
[info] ✔  database: required API firebasedatabase.googleapis.com is enabled 
[info] 
[debug] [2023-12-30T04:13:38.616Z] >>> [apiv2][query] GET https://firebase.googleapis.com/v1beta1/projects/superchat-2cbed [none]
[debug] [2023-12-30T04:13:39.424Z] <<< [apiv2][status] GET https://firebase.googleapis.com/v1beta1/projects/superchat-2cbed 200
[debug] [2023-12-30T04:13:39.425Z] <<< [apiv2][body] GET https://firebase.googleapis.com/v1beta1/projects/superchat-2cbed {"projectId":"superchat-2cbed","projectNumber":"424674913240","displayName":"superchat","name":"projects/superchat-2cbed","resources":{"hostingSite":"superchat-2cbed"},"state":"ACTIVE","etag":"1_3a7e60cf-950e-4e33-8054-fa92ee25f53c"}
[debug] [2023-12-30T04:13:46.785Z] >>> [apiv2][query] POST https://firebasedatabase.googleapis.com/v1beta/projects/superchat-2cbed/locations/us-central1/instances databaseId=superchat-2cbed-default-rtdb&validateOnly=true
[debug] [2023-12-30T04:13:46.786Z] >>> [apiv2][body] POST https://firebasedatabase.googleapis.com/v1beta/projects/superchat-2cbed/locations/us-central1/instances {"type":"default_database"}
[debug] [2023-12-30T04:13:48.949Z] <<< [apiv2][status] POST https://firebasedatabase.googleapis.com/v1beta/projects/superchat-2cbed/locations/us-central1/instances 200
[debug] [2023-12-30T04:13:48.949Z] <<< [apiv2][body] POST https://firebasedatabase.googleapis.com/v1beta/projects/superchat-2cbed/locations/us-central1/instances {"name":"projects/424674913240/locations/us-central1/instances/superchat-2cbed-default-rtdb","project":"projects/424674913240","databaseUrl":"https://superchat-2cbed-default-rtdb.firebaseio.com","type":"DEFAULT_DATABASE","state":"ACTIVE"}
[debug] [2023-12-30T04:13:48.951Z] >>> [apiv2][query] POST https://firebasedatabase.googleapis.com/v1beta/projects/superchat-2cbed/locations/us-central1/instances databaseId=superchat-2cbed-default-rtdb
[debug] [2023-12-30T04:13:48.951Z] >>> [apiv2][body] POST https://firebasedatabase.googleapis.com/v1beta/projects/superchat-2cbed/locations/us-central1/instances {"type":"default_database"}
[debug] [2023-12-30T04:13:51.201Z] <<< [apiv2][status] POST https://firebasedatabase.googleapis.com/v1beta/projects/superchat-2cbed/locations/us-central1/instances 200
[debug] [2023-12-30T04:13:51.201Z] <<< [apiv2][body] POST https://firebasedatabase.googleapis.com/v1beta/projects/superchat-2cbed/locations/us-central1/instances {"name":"projects/424674913240/locations/us-central1/instances/superchat-2cbed-default-rtdb","project":"projects/424674913240","databaseUrl":"https://superchat-2cbed-default-rtdb.firebaseio.com","type":"DEFAULT_DATABASE","state":"ACTIVE"}
[info] 
[info] Firebase Realtime Database Security Rules allow you to define how your data should be
[info] structured and when your data can be read from and written to.
[info] 
[debug] [2023-12-30T04:13:54.614Z] >>> [apiv2][query] GET https://superchat-2cbed-default-rtdb.firebaseio.com/.settings/rules.json [none]
[debug] [2023-12-30T04:13:55.909Z] <<< [apiv2][status] GET https://superchat-2cbed-default-rtdb.firebaseio.com/.settings/rules.json 200
[debug] [2023-12-30T04:13:55.909Z] <<< [apiv2][body] GET https://superchat-2cbed-default-rtdb.firebaseio.com/.settings/rules.json [stream]
[info] ✔  Database Rules for superchat-2cbed-default-rtdb have been written to database.rules.json. 
[info] Future modifications to database.rules.json will update Realtime Database Security Rules when you run
[info] firebase deploy.
[info] 
=== Hosting Setup
[debug] [2023-12-30T04:13:55.915Z] >>> [apiv2][query] GET https://firebase.googleapis.com/v1beta1/projects/superchat-2cbed [none]
[debug] [2023-12-30T04:13:56.633Z] <<< [apiv2][status] GET https://firebase.googleapis.com/v1beta1/projects/superchat-2cbed 200
[debug] [2023-12-30T04:13:56.634Z] <<< [apiv2][body] GET https://firebase.googleapis.com/v1beta1/projects/superchat-2cbed {"projectId":"superchat-2cbed","projectNumber":"424674913240","displayName":"superchat","name":"projects/superchat-2cbed","resources":{"hostingSite":"superchat-2cbed","realtimeDatabaseInstance":"superchat-2cbed-default-rtdb"},"state":"ACTIVE","etag":"1_3a7e60cf-950e-4e33-8054-fa92ee25f53c"}
[info] 
[info] Your public directory is the folder (relative to your project directory) that
[info] will contain Hosting assets to be uploaded with firebase deploy. If you
[info] have a build process for your assets, use your build's output directory.
[info] 
[debug] [2023-12-30T04:14:37.907Z] >>> [apiv2][query] GET https://www.gstatic.com/firebasejs/releases.json [none]
[debug] [2023-12-30T04:14:38.063Z] <<< [apiv2][status] GET https://www.gstatic.com/firebasejs/releases.json 200
[debug] [2023-12-30T04:14:38.064Z] <<< [apiv2][body] GET https://www.gstatic.com/firebasejs/releases.json {"current":{"version":"10.7.1","browserURL":"https://www.gstatic.com/firebasejs/10.7.1/firebase.js","packageURL":"https://www.gstatic.com/firebasejs/10.7.1/firebase.tgz"},"live":{"version":"10.7","browserURL":"https://www.gstatic.com/firebasejs/live/10.7/firebase.js","packageURL":"https://www.gstatic.com/firebasejs/live/10.7/firebase.tgz"},"components":{"analytics":"https://www.gstatic.com/firebasejs/10.7.1/firebase-analytics.js","app":"https://www.gstatic.com/firebasejs/10.7.1/firebase-app.js","app-check":"https://www.gstatic.com/firebasejs/10.7.1/firebase-app-check.js","auth":"https://www.gstatic.com/firebasejs/10.7.1/firebase-auth.js","auth/cordova":"https://www.gstatic.com/firebasejs/10.7.1/firebase-auth/cordova.js","functions":"https://www.gstatic.com/firebasejs/10.7.1/firebase-functions.js","firestore":"https://www.gstatic.com/firebasejs/10.7.1/firebase-firestore.js","firestore/lite":"https://www.gstatic.com/firebasejs/10.7.1/firebase-firestore/lite.js","installations":"https://www.gstatic.com/firebasejs/10.7.1/firebase-installations.js","storage":"https://www.gstatic.com/firebasejs/10.7.1/firebase-storage.js","performance":"https://www.gstatic.com/firebasejs/10.7.1/firebase-performance.js","remote-config":"https://www.gstatic.com/firebasejs/10.7.1/firebase-remote-config.js","messaging":"https://www.gstatic.com/firebasejs/10.7.1/firebase-messaging.js","messaging/sw":"https://www.gstatic.com/firebasejs/10.7.1/firebase-messaging/sw.js","database":"https://www.gstatic.com/firebasejs/10.7.1/firebase-database.js","firestore.memory":"https://www.gstatic.com/firebasejs/10.7.1/firebase-firestore.memory.js"}}
[info] i  Skipping write of public/index.html 
[info] 
[info] i  Detected a .git folder at /Users/harshahuja/Documents/Inventory Management System /superchat 
[info] i  Authorizing with GitHub to upload your service account to a GitHub repository's secrets store. 
[info] 
[info] Visit this URL on this device to log in:
[info] https://github.com/login/oauth/authorize?client_id=89cf50f02ac6aaed3484&state=837421019&redirect_uri=http%3A%2F%2Flocalhost%3A9005&scope=read%3Auser%20repo%20public_repo
[info] 
[info] Waiting for authentication...
[debug] [2023-12-30T04:20:17.309Z] ----------------------------------------------------------------------
[debug] [2023-12-30T04:20:17.310Z] Command:       /usr/local/bin/node /Users/harshahuja/.npm-global/bin/firebase init
[debug] [2023-12-30T04:20:17.311Z] CLI Version:   13.0.2
[debug] [2023-12-30T04:20:17.311Z] Platform:      darwin
[debug] [2023-12-30T04:20:17.311Z] Node Version:  v18.17.1
[debug] [2023-12-30T04:20:17.315Z] Time:          Sat Dec 30 2023 09:50:17 GMT+0530 (India Standard Time)
[debug] [2023-12-30T04:20:17.315Z] ----------------------------------------------------------------------
[debug] 
[debug] [2023-12-30T04:20:17.318Z] > command requires scopes: ["email","openid","https://www.googleapis.com/auth/cloudplatformprojects.readonly","https://www.googleapis.com/auth/firebase","https://www.googleapis.com/auth/cloud-platform"]
[debug] [2023-12-30T04:20:17.318Z] > authorizing via signed-in user (harshahuja1179@gmail.com)
[info] 
     ######## #### ########  ######## ########     ###     ######  ########
     ##        ##  ##     ## ##       ##     ##  ##   ##  ##       ##
     ######    ##  ########  ######   ########  #########  ######  ######
     ##        ##  ##    ##  ##       ##     ## ##     ##       ## ##
     ##       #### ##     ## ######## ########  ##     ##  ######  ########

You're about to initialize a Firebase project in this directory:

  /Users/harshahuja/Documents/Inventory Management System /superchat

[info] 
=== Project Setup
[info] 
[info] First, let's associate this project directory with a Firebase project.
[info] You can create multiple project aliases by running firebase use --add, 
[info] but for now we'll just set up a default project.
[info] 
[debug] [2023-12-30T04:20:24.475Z] >>> [apiv2][query] GET https://firebase.googleapis.com/v1beta1/projects pageSize=100
[debug] [2023-12-30T04:20:25.257Z] <<< [apiv2][status] GET https://firebase.googleapis.com/v1beta1/projects 200
[debug] [2023-12-30T04:20:25.257Z] <<< [apiv2][body] GET https://firebase.googleapis.com/v1beta1/projects [omitted]
[info] i  Using project superchat-2cbed (superchat) 
[info] 
=== Database Setup
[info] i  database: ensuring required API firebasedatabase.googleapis.com is enabled... 
[debug] [2023-12-30T04:20:26.099Z] >>> [apiv2][query] GET https://serviceusage.googleapis.com/v1/projects/superchat-2cbed/services/firebasedatabase.googleapis.com [none]
[debug] [2023-12-30T04:20:26.099Z] >>> [apiv2][(partial)header] GET https://serviceusage.googleapis.com/v1/projects/superchat-2cbed/services/firebasedatabase.googleapis.com x-goog-quota-user=projects/superchat-2cbed
[debug] [2023-12-30T04:20:28.319Z] <<< [apiv2][status] GET https://serviceusage.googleapis.com/v1/projects/superchat-2cbed/services/firebasedatabase.googleapis.com 200
[debug] [2023-12-30T04:20:28.320Z] <<< [apiv2][body] GET https://serviceusage.googleapis.com/v1/projects/superchat-2cbed/services/firebasedatabase.googleapis.com [omitted]
[info] ✔  database: required API firebasedatabase.googleapis.com is enabled 
[info] 
[debug] [2023-12-30T04:20:28.321Z] >>> [apiv2][query] GET https://firebasedatabase.googleapis.com/v1beta/projects/superchat-2cbed/locations/-/instances/superchat-2cbed-default-rtdb [none]
[debug] [2023-12-30T04:20:30.268Z] <<< [apiv2][status] GET https://firebasedatabase.googleapis.com/v1beta/projects/superchat-2cbed/locations/-/instances/superchat-2cbed-default-rtdb 200
[debug] [2023-12-30T04:20:30.269Z] <<< [apiv2][body] GET https://firebasedatabase.googleapis.com/v1beta/projects/superchat-2cbed/locations/-/instances/superchat-2cbed-default-rtdb {"name":"projects/424674913240/locations/us-central1/instances/superchat-2cbed-default-rtdb","project":"projects/424674913240","databaseUrl":"https://superchat-2cbed-default-rtdb.firebaseio.com","type":"DEFAULT_DATABASE","state":"ACTIVE"}
[info] 
[info] Firebase Realtime Database Security Rules allow you to define how your data should be
[info] structured and when your data can be read from and written to.
[info] 
[debug] [2023-12-30T04:20:33.822Z] >>> [apiv2][query] GET https://superchat-2cbed-default-rtdb.firebaseio.com/.settings/rules.json [none]
[debug] [2023-12-30T04:20:34.763Z] <<< [apiv2][status] GET https://superchat-2cbed-default-rtdb.firebaseio.com/.settings/rules.json 200
[debug] [2023-12-30T04:20:34.764Z] <<< [apiv2][body] GET https://superchat-2cbed-default-rtdb.firebaseio.com/.settings/rules.json [stream]
[info] ✔  Database Rules for superchat-2cbed-default-rtdb have been written to database.rules.json. 
[info] Future modifications to database.rules.json will update Realtime Database Security Rules when you run
[info] firebase deploy.
[info] 
=== Firestore Setup
[debug] [2023-12-30T04:20:34.766Z] >>> [apiv2][query] GET https://serviceusage.googleapis.com/v1/projects/superchat-2cbed/services/firestore.googleapis.com [none]
[debug] [2023-12-30T04:20:34.767Z] >>> [apiv2][(partial)header] GET https://serviceusage.googleapis.com/v1/projects/superchat-2cbed/services/firestore.googleapis.com x-goog-quota-user=projects/superchat-2cbed
[debug] [2023-12-30T04:20:36.712Z] <<< [apiv2][status] GET https://serviceusage.googleapis.com/v1/projects/superchat-2cbed/services/firestore.googleapis.com 200
[debug] [2023-12-30T04:20:36.712Z] <<< [apiv2][body] GET https://serviceusage.googleapis.com/v1/projects/superchat-2cbed/services/firestore.googleapis.com [omitted]
[debug] [2023-12-30T04:20:36.713Z] >>> [apiv2][query] GET https://firestore.googleapis.com/v1/projects/superchat-2cbed/databases/(default) [none]
[debug] [2023-12-30T04:20:38.661Z] <<< [apiv2][status] GET https://firestore.googleapis.com/v1/projects/superchat-2cbed/databases/(default) 200
[debug] [2023-12-30T04:20:38.661Z] <<< [apiv2][body] GET https://firestore.googleapis.com/v1/projects/superchat-2cbed/databases/(default) {"name":"projects/superchat-2cbed/databases/(default)","uid":"0f8df2fa-b798-4614-9fd2-19017992ac61","createTime":"2023-12-29T23:25:31.495285Z","updateTime":"2023-12-29T23:25:31.495285Z","locationId":"nam5","type":"FIRESTORE_NATIVE","concurrencyMode":"PESSIMISTIC","versionRetentionPeriod":"3600s","earliestVersionTime":"2023-12-30T03:20:38.457554Z","appEngineIntegrationMode":"DISABLED","keyPrefix":"s","pointInTimeRecoveryEnablement":"POINT_IN_TIME_RECOVERY_DISABLED","deleteProtectionState":"DELETE_PROTECTION_DISABLED","etag":"IMqVycSntoMDMJ2i5ILptYMD"}
[debug] [2023-12-30T04:20:38.661Z] database_type: FIRESTORE_NATIVE
[debug] [2023-12-30T04:20:38.661Z] > command requires scopes: ["email","openid","https://www.googleapis.com/auth/cloudplatformprojects.readonly","https://www.googleapis.com/auth/firebase","https://www.googleapis.com/auth/cloud-platform"]
[debug] [2023-12-30T04:20:38.662Z] > authorizing via signed-in user (harshahuja1179@gmail.com)
[debug] [2023-12-30T04:20:38.662Z] [iam] checking project superchat-2cbed for permissions ["firebase.projects.get"]
[debug] [2023-12-30T04:20:38.662Z] >>> [apiv2][query] POST https://cloudresourcemanager.googleapis.com/v1/projects/superchat-2cbed:testIamPermissions [none]
[debug] [2023-12-30T04:20:38.662Z] >>> [apiv2][(partial)header] POST https://cloudresourcemanager.googleapis.com/v1/projects/superchat-2cbed:testIamPermissions x-goog-quota-user=projects/superchat-2cbed
[debug] [2023-12-30T04:20:38.662Z] >>> [apiv2][body] POST https://cloudresourcemanager.googleapis.com/v1/projects/superchat-2cbed:testIamPermissions {"permissions":["firebase.projects.get"]}
[debug] [2023-12-30T04:20:40.497Z] <<< [apiv2][status] POST https://cloudresourcemanager.googleapis.com/v1/projects/superchat-2cbed:testIamPermissions 200
[debug] [2023-12-30T04:20:40.498Z] <<< [apiv2][body] POST https://cloudresourcemanager.googleapis.com/v1/projects/superchat-2cbed:testIamPermissions {"permissions":["firebase.projects.get"]}
[info] 
[info] Firestore Security Rules allow you to define how and when to allow
[info] requests. You can keep these rules in your project directory
[info] and publish them with firebase deploy.
[info] 
[debug] [2023-12-30T04:20:43.457Z] >>> [apiv2][query] GET https://firebaserules.googleapis.com/v1/projects/superchat-2cbed/releases pageSize=10&pageToken=
[debug] [2023-12-30T04:20:45.313Z] <<< [apiv2][status] GET https://firebaserules.googleapis.com/v1/projects/superchat-2cbed/releases 200
[debug] [2023-12-30T04:20:45.314Z] <<< [apiv2][body] GET https://firebaserules.googleapis.com/v1/projects/superchat-2cbed/releases {"releases":[{"name":"projects/superchat-2cbed/releases/cloud.firestore","rulesetName":"projects/superchat-2cbed/rulesets/4df6ad4b-9a44-42c0-ba39-0ab0727012fa","createTime":"2023-12-29T23:25:41.507312Z","updateTime":"2023-12-30T03:19:20.931161Z"}]}
[debug] [2023-12-30T04:20:45.314Z] Found ruleset: projects/superchat-2cbed/rulesets/4df6ad4b-9a44-42c0-ba39-0ab0727012fa
[debug] [2023-12-30T04:20:45.315Z] >>> [apiv2][query] GET https://firebaserules.googleapis.com/v1/projects/superchat-2cbed/rulesets/4df6ad4b-9a44-42c0-ba39-0ab0727012fa [none]
[debug] [2023-12-30T04:20:46.950Z] <<< [apiv2][status] GET https://firebaserules.googleapis.com/v1/projects/superchat-2cbed/rulesets/4df6ad4b-9a44-42c0-ba39-0ab0727012fa 200
[debug] [2023-12-30T04:20:46.951Z] <<< [apiv2][body] GET https://firebaserules.googleapis.com/v1/projects/superchat-2cbed/rulesets/4df6ad4b-9a44-42c0-ba39-0ab0727012fa [omitted]
[info] 
[info] Firestore indexes allow you to perform complex queries while
[info] maintaining performance that scales with the size of the result
[info] set. You can keep index definitions in your project directory
[info] and publish them with firebase deploy.
[info] 
[debug] [2023-12-30T04:20:46.959Z] >>> [apiv2][query] GET https://firestore.googleapis.com/v1/projects/superchat-2cbed/databases/(default)/collectionGroups/-/indexes [none]
[debug] [2023-12-30T04:20:46.961Z] >>> [apiv2][query] GET https://firestore.googleapis.com/v1/projects/superchat-2cbed/databases/(default)/collectionGroups/-/fields?filter=indexConfig.usesAncestorConfig=false OR ttlConfig:* [none]
[debug] [2023-12-30T04:20:48.793Z] <<< [apiv2][status] GET https://firestore.googleapis.com/v1/projects/superchat-2cbed/databases/(default)/collectionGroups/-/fields?filter=indexConfig.usesAncestorConfig=false OR ttlConfig:* 200
[debug] [2023-12-30T04:20:48.794Z] <<< [apiv2][body] GET https://firestore.googleapis.com/v1/projects/superchat-2cbed/databases/(default)/collectionGroups/-/fields?filter=indexConfig.usesAncestorConfig=false OR ttlConfig:* {"fields":[{"name":"projects/superchat-2cbed/databases/(default)/collectionGroups/__default__/fields/*","indexConfig":{"indexes":[{"queryScope":"COLLECTION","fields":[{"fieldPath":"*","order":"ASCENDING"}],"state":"READY"},{"queryScope":"COLLECTION","fields":[{"fieldPath":"*","order":"DESCENDING"}],"state":"READY"},{"queryScope":"COLLECTION","fields":[{"fieldPath":"*","arrayConfig":"CONTAINS"}],"state":"READY"}]}}]}
[debug] [2023-12-30T04:20:48.794Z] <<< [apiv2][status] GET https://firestore.googleapis.com/v1/projects/superchat-2cbed/databases/(default)/collectionGroups/-/indexes 200
[debug] [2023-12-30T04:20:48.794Z] <<< [apiv2][body] GET https://firestore.googleapis.com/v1/projects/superchat-2cbed/databases/(default)/collectionGroups/-/indexes {}
[info] 
=== Functions Setup
[debug] [2023-12-30T04:20:48.796Z] > command requires scopes: ["email","openid","https://www.googleapis.com/auth/cloudplatformprojects.readonly","https://www.googleapis.com/auth/firebase","https://www.googleapis.com/auth/cloud-platform"]
[debug] [2023-12-30T04:20:48.796Z] > authorizing via signed-in user (harshahuja1179@gmail.com)
[debug] [2023-12-30T04:20:48.797Z] [iam] checking project superchat-2cbed for permissions ["firebase.projects.get"]
[debug] [2023-12-30T04:20:48.797Z] >>> [apiv2][query] POST https://cloudresourcemanager.googleapis.com/v1/projects/superchat-2cbed:testIamPermissions [none]
[debug] [2023-12-30T04:20:48.797Z] >>> [apiv2][(partial)header] POST https://cloudresourcemanager.googleapis.com/v1/projects/superchat-2cbed:testIamPermissions x-goog-quota-user=projects/superchat-2cbed
[debug] [2023-12-30T04:20:48.797Z] >>> [apiv2][body] POST https://cloudresourcemanager.googleapis.com/v1/projects/superchat-2cbed:testIamPermissions {"permissions":["firebase.projects.get"]}
[debug] [2023-12-30T04:20:50.333Z] <<< [apiv2][status] POST https://cloudresourcemanager.googleapis.com/v1/projects/superchat-2cbed:testIamPermissions 200
[debug] [2023-12-30T04:20:50.333Z] <<< [apiv2][body] POST https://cloudresourcemanager.googleapis.com/v1/projects/superchat-2cbed:testIamPermissions {"permissions":["firebase.projects.get"]}
[debug] [2023-12-30T04:20:50.334Z] >>> [apiv2][query] GET https://serviceusage.googleapis.com/v1/projects/superchat-2cbed/services/cloudfunctions.googleapis.com [none]
[debug] [2023-12-30T04:20:50.334Z] >>> [apiv2][(partial)header] GET https://serviceusage.googleapis.com/v1/projects/superchat-2cbed/services/cloudfunctions.googleapis.com x-goog-quota-user=projects/superchat-2cbed
[debug] [2023-12-30T04:20:50.337Z] >>> [apiv2][query] GET https://serviceusage.googleapis.com/v1/projects/superchat-2cbed/services/runtimeconfig.googleapis.com [none]
[debug] [2023-12-30T04:20:50.337Z] >>> [apiv2][(partial)header] GET https://serviceusage.googleapis.com/v1/projects/superchat-2cbed/services/runtimeconfig.googleapis.com x-goog-quota-user=projects/superchat-2cbed
[debug] [2023-12-30T04:20:52.277Z] <<< [apiv2][status] GET https://serviceusage.googleapis.com/v1/projects/superchat-2cbed/services/runtimeconfig.googleapis.com 200
[debug] [2023-12-30T04:20:52.277Z] <<< [apiv2][body] GET https://serviceusage.googleapis.com/v1/projects/superchat-2cbed/services/runtimeconfig.googleapis.com [omitted]
[debug] [2023-12-30T04:20:52.278Z] <<< [apiv2][status] GET https://serviceusage.googleapis.com/v1/projects/superchat-2cbed/services/cloudfunctions.googleapis.com 200
[debug] [2023-12-30T04:20:52.278Z] <<< [apiv2][body] GET https://serviceusage.googleapis.com/v1/projects/superchat-2cbed/services/cloudfunctions.googleapis.com [omitted]
[debug] [2023-12-30T04:20:52.279Z] >>> [apiv2][query] POST https://serviceusage.googleapis.com/v1/projects/superchat-2cbed/services/cloudfunctions.googleapis.com:enable [none]
[debug] [2023-12-30T04:20:52.279Z] >>> [apiv2][(partial)header] POST https://serviceusage.googleapis.com/v1/projects/superchat-2cbed/services/cloudfunctions.googleapis.com:enable x-goog-quota-user=projects/superchat-2cbed
[debug] [2023-12-30T04:20:54.630Z] <<< [apiv2][status] POST https://serviceusage.googleapis.com/v1/projects/superchat-2cbed/services/cloudfunctions.googleapis.com:enable 200
[debug] [2023-12-30T04:20:54.630Z] <<< [apiv2][body] POST https://serviceusage.googleapis.com/v1/projects/superchat-2cbed/services/cloudfunctions.googleapis.com:enable [omitted]
[debug] [2023-12-30T04:21:04.634Z] >>> [apiv2][query] GET https://serviceusage.googleapis.com/v1/projects/superchat-2cbed/services/cloudfunctions.googleapis.com [none]
[debug] [2023-12-30T04:21:04.634Z] >>> [apiv2][(partial)header] GET https://serviceusage.googleapis.com/v1/projects/superchat-2cbed/services/cloudfunctions.googleapis.com x-goog-quota-user=projects/superchat-2cbed
[debug] [2023-12-30T04:21:06.615Z] <<< [apiv2][status] GET https://serviceusage.googleapis.com/v1/projects/superchat-2cbed/services/cloudfunctions.googleapis.com 200
[debug] [2023-12-30T04:21:06.615Z] <<< [apiv2][body] GET https://serviceusage.googleapis.com/v1/projects/superchat-2cbed/services/cloudfunctions.googleapis.com [omitted]
[info] Let's create a new codebase for your functions.
[info] A directory corresponding to the codebase will be created in your project
[info] with sample code pre-configured.

[info] See https://firebase.google.com/docs/functions/organize-functions for
[info] more information on organizing your functions using codebases.

[info] Functions can be deployed with firebase deploy.

[info] ✔  Wrote functions/package.json 
[info] ✔  Wrote functions/.eslintrc.js 
[info] ✔  Wrote functions/index.js 
[info] ✔  Wrote functions/.gitignore 
[info] 
=== Hosting Setup
[debug] [2023-12-30T04:21:58.621Z] >>> [apiv2][query] GET https://firebase.googleapis.com/v1beta1/projects/superchat-2cbed [none]
[debug] [2023-12-30T04:21:59.144Z] <<< [apiv2][status] GET https://firebase.googleapis.com/v1beta1/projects/superchat-2cbed 200
[debug] [2023-12-30T04:21:59.144Z] <<< [apiv2][body] GET https://firebase.googleapis.com/v1beta1/projects/superchat-2cbed {"projectId":"superchat-2cbed","projectNumber":"424674913240","displayName":"superchat","name":"projects/superchat-2cbed","resources":{"hostingSite":"superchat-2cbed","realtimeDatabaseInstance":"superchat-2cbed-default-rtdb"},"state":"ACTIVE","etag":"1_3a7e60cf-950e-4e33-8054-fa92ee25f53c"}
[info] 
[info] Your public directory is the folder (relative to your project directory) that
[info] will contain Hosting assets to be uploaded with firebase deploy. If you
[info] have a build process for your assets, use your build's output directory.
[info] 
[debug] [2023-12-30T04:22:06.769Z] >>> [apiv2][query] GET https://www.gstatic.com/firebasejs/releases.json [none]
[debug] [2023-12-30T04:22:06.996Z] <<< [apiv2][status] GET https://www.gstatic.com/firebasejs/releases.json 200
[debug] [2023-12-30T04:22:06.996Z] <<< [apiv2][body] GET https://www.gstatic.com/firebasejs/releases.json {"current":{"version":"10.7.1","browserURL":"https://www.gstatic.com/firebasejs/10.7.1/firebase.js","packageURL":"https://www.gstatic.com/firebasejs/10.7.1/firebase.tgz"},"live":{"version":"10.7","browserURL":"https://www.gstatic.com/firebasejs/live/10.7/firebase.js","packageURL":"https://www.gstatic.com/firebasejs/live/10.7/firebase.tgz"},"components":{"analytics":"https://www.gstatic.com/firebasejs/10.7.1/firebase-analytics.js","app":"https://www.gstatic.com/firebasejs/10.7.1/firebase-app.js","app-check":"https://www.gstatic.com/firebasejs/10.7.1/firebase-app-check.js","auth":"https://www.gstatic.com/firebasejs/10.7.1/firebase-auth.js","auth/cordova":"https://www.gstatic.com/firebasejs/10.7.1/firebase-auth/cordova.js","functions":"https://www.gstatic.com/firebasejs/10.7.1/firebase-functions.js","firestore":"https://www.gstatic.com/firebasejs/10.7.1/firebase-firestore.js","firestore/lite":"https://www.gstatic.com/firebasejs/10.7.1/firebase-firestore/lite.js","installations":"https://www.gstatic.com/firebasejs/10.7.1/firebase-installations.js","storage":"https://www.gstatic.com/firebasejs/10.7.1/firebase-storage.js","performance":"https://www.gstatic.com/firebasejs/10.7.1/firebase-performance.js","remote-config":"https://www.gstatic.com/firebasejs/10.7.1/firebase-remote-config.js","messaging":"https://www.gstatic.com/firebasejs/10.7.1/firebase-messaging.js","messaging/sw":"https://www.gstatic.com/firebasejs/10.7.1/firebase-messaging/sw.js","database":"https://www.gstatic.com/firebasejs/10.7.1/firebase-database.js","firestore.memory":"https://www.gstatic.com/firebasejs/10.7.1/firebase-firestore.memory.js"}}
[info] i  Skipping write of public/index.html 
[info] 
[info] i  Detected a .git folder at /Users/harshahuja/Documents/Inventory Management System /superchat 
[info] i  Authorizing with GitHub to upload your service account to a GitHub repository's secrets store. 
[info] 
[info] Visit this URL on this device to log in:
[info] https://github.com/login/oauth/authorize?client_id=89cf50f02ac6aaed3484&state=644292305&redirect_uri=http%3A%2F%2Flocalhost%3A9005&scope=read%3Auser%20repo%20public_repo
[info] 
[info] Waiting for authentication...
[debug] [2023-12-30T04:34:25.983Z] >>> [apiv2][query] POST https://github.com/login/oauth/access_token [none]
[debug] [2023-12-30T04:34:25.984Z] >>> [apiv2][body] POST https://github.com/login/oauth/access_token [stream]
[debug] [2023-12-30T04:34:27.011Z] <<< [apiv2][status] POST https://github.com/login/oauth/access_token 200
[debug] [2023-12-30T04:34:27.011Z] <<< [apiv2][body] POST https://github.com/login/oauth/access_token {"access_token":"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","token_type":"bearer","scope":"read:user,repo"}
[debug] [2023-12-30T04:34:27.021Z] >>> [apiv2][query] GET https://api.github.com/user [none]
[debug] [2023-12-30T04:34:27.855Z] <<< [apiv2][status] GET https://api.github.com/user 200
[debug] [2023-12-30T04:34:27.855Z] <<< [apiv2][body] GET https://api.github.com/user {"login":"veryharsh123","id":76126983,"node_id":"MDQ6VXNlcjc2MTI2OTgz","avatar_url":"https://avatars.githubusercontent.com/u/76126983?v=4","gravatar_id":"","url":"https://api.github.com/users/veryharsh123","html_url":"https://github.com/veryharsh123","followers_url":"https://api.github.com/users/veryharsh123/followers","following_url":"https://api.github.com/users/veryharsh123/following{/other_user}","gists_url":"https://api.github.com/users/veryharsh123/gists{/gist_id}","starred_url":"https://api.github.com/users/veryharsh123/starred{/owner}{/repo}","subscriptions_url":"https://api.github.com/users/veryharsh123/subscriptions","organizations_url":"https://api.github.com/users/veryharsh123/orgs","repos_url":"https://api.github.com/users/veryharsh123/repos","events_url":"https://api.github.com/users/veryharsh123/events{/privacy}","received_events_url":"https://api.github.com/users/veryharsh123/received_events","type":"User","site_admin":false,"name":null,"company":null,"blog":"","location":null,"email":null,"hireable":null,"bio":null,"twitter_username":null,"public_repos":8,"public_gists":0,"followers":0,"following":0,"created_at":"2020-12-16T19:18:41Z","updated_at":"2023-12-30T04:34:22Z","private_gists":0,"total_private_repos":1,"owned_private_repos":1,"disk_usage":21743,"collaborators":0,"two_factor_authentication":false,"plan":{"name":"free","space":976562499,"collaborators":0,"private_repos":10000}}
[info] 
[info] ✔  Success! Logged into GitHub as veryharsh123 
[info] 
